This is pdfTeX, Version 3.14159265-2.6-1.40.19 (TeX Live 2018) (preloaded format=pdflatex 2018.11.29)  22 APR 2019 23:19
entering extended mode
 restricted \write18 enabled.
 %&-line parsing enabled.
**theory_yana.tex
(./theory_yana.tex
LaTeX2e <2018-04-01> patch level 2
Babel <3.18> and hyphenation patterns for 84 language(s) loaded.
! Undefined control sequence.
l.1 \section
            *{–ß—Ç–æ —ç—Ç–æ —Ç–∞–∫–æ–µ?}~\
The control sequence at the end of the top line
of your error message was never \def'ed. If you have
misspelled it (e.g., `\hobx'), type `I' and the correct
spelling (e.g., `I\hbox'). Otherwise just continue,
and I'll forget about whatever was undefined.


! LaTeX Error: Missing \begin{document}.

See the LaTeX manual or LaTeX Companion for explanation.
Type  H <return>  for immediate help.
 ...                                              
                                                  
l.1 \section*
             {–ß—Ç–æ —ç—Ç–æ —Ç–∞–∫–æ–µ?}~\
You're in trouble here.  Try typing  <return>  to proceed.
If that doesn't work, type  X <return>  to quit.

Missing character: There is no * in font nullfont!

! Package inputenc Error: Unicode character –ß (U+427)
(inputenc)                not set up for use with LaTeX.

See the inputenc package documentation for explanation.
Type  H <return>  for immediate help.
 ...                                              
                                                  
l.1 \section*{–ß
                —Ç–æ —ç—Ç–æ —Ç–∞–∫–æ–µ?}~\
You may provide a definition with
\DeclareUnicodeCharacter 


! Package inputenc Error: Unicode character —Ç (U+442)
(inputenc)                not set up for use with LaTeX.

See the inputenc package documentation for explanation.
Type  H <return>  for immediate help.
 ...                                              
                                                  
l.1 \section*{–ß—Ç
                  –æ —ç—Ç–æ —Ç–∞–∫–æ–µ?}~\
You may provide a definition with
\DeclareUnicodeCharacter 


! Package inputenc Error: Unicode character –æ (U+43E)
(inputenc)                not set up for use with LaTeX.

See the inputenc package documentation for explanation.
Type  H <return>  for immediate help.
 ...                                              
                                                  
l.1 \section*{–ß—Ç–æ
                     —ç—Ç–æ —Ç–∞–∫–æ–µ?}~\
You may provide a definition with
\DeclareUnicodeCharacter 


! Package inputenc Error: Unicode character —ç (U+44D)
(inputenc)                not set up for use with LaTeX.

See the inputenc package documentation for explanation.
Type  H <return>  for immediate help.
 ...                                              
                                                  
l.1 \section*{–ß—Ç–æ —ç
                       —Ç–æ —Ç–∞–∫–æ–µ?}~\
You may provide a definition with
\DeclareUnicodeCharacter 


! Package inputenc Error: Unicode character —Ç (U+442)
(inputenc)                not set up for use with LaTeX.

See the inputenc package documentation for explanation.
Type  H <return>  for immediate help.
 ...                                              
                                                  
l.1 \section*{–ß—Ç–æ —ç—Ç
                         –æ —Ç–∞–∫–æ–µ?}~\
You may provide a definition with
\DeclareUnicodeCharacter 


! Package inputenc Error: Unicode character –æ (U+43E)
(inputenc)                not set up for use with LaTeX.

See the inputenc package documentation for explanation.
Type  H <return>  for immediate help.
 ...                                              
                                                  
l.1 \section*{–ß—Ç–æ —ç—Ç–æ
                            —Ç–∞–∫–æ–µ?}~\
You may provide a definition with
\DeclareUnicodeCharacter 


! Package inputenc Error: Unicode character —Ç (U+442)
(inputenc)                not set up for use with LaTeX.

See the inputenc package documentation for explanation.
Type  H <return>  for immediate help.
 ...                                              
                                                  
l.1 \section*{–ß—Ç–æ —ç—Ç–æ —Ç
                              –∞–∫–æ–µ?}~\
You may provide a definition with
\DeclareUnicodeCharacter 


! Package inputenc Error: Unicode character –∞ (U+430)
(inputenc)                not set up for use with LaTeX.

See the inputenc package documentation for explanation.
Type  H <return>  for immediate help.
 ...                                              
                                                  
l.1 \section*{–ß—Ç–æ —ç—Ç–æ —Ç–∞
                                –∫–æ–µ?}~\
You may provide a definition with
\DeclareUnicodeCharacter 


! Package inputenc Error: Unicode character –∫ (U+43A)
(inputenc)                not set up for use with LaTeX.

See the inputenc package documentation for explanation.
Type  H <return>  for immediate help.
 ...                                              
                                                  
l.1 \section*{–ß—Ç–æ —ç—Ç–æ —Ç–∞–∫
                                  –æ–µ?}~\
You may provide a definition with
\DeclareUnicodeCharacter 


! Package inputenc Error: Unicode character –æ (U+43E)
(inputenc)                not set up for use with LaTeX.

See the inputenc package documentation for explanation.
Type  H <return>  for immediate help.
 ...                                              
                                                  
l.1 \section*{–ß—Ç–æ —ç—Ç–æ —Ç–∞–∫–æ
                                    –µ?}~\
You may provide a definition with
\DeclareUnicodeCharacter 


! Package inputenc Error: Unicode character –µ (U+435)
(inputenc)                not set up for use with LaTeX.

See the inputenc package documentation for explanation.
Type  H <return>  for immediate help.
 ...                                              
                                                  
l.1 \section*{–ß—Ç–æ —ç—Ç–æ —Ç–∞–∫–æ–µ
                                      ?}~\
You may provide a definition with
\DeclareUnicodeCharacter 

Missing character: There is no ? in font nullfont!

Overfull \hbox (20.0pt too wide) in paragraph at lines 1--3
[]
 []


! Package inputenc Error: Unicode character –í (U+412)
(inputenc)                not set up for use with LaTeX.

See the inputenc package documentation for explanation.
Type  H <return>  for immediate help.
 ...                                              
                                                  
l.4 –í
      —Å–ø–æ–º–Ω–∏–º –≤—Å–µ–º –∏–∑–≤–µ—Å—Ç–Ω—É—é –∏–≥—Ä—É "–¥–∞–Ω–µ—Ç–∫–∏". ...

You may provide a definition with
\DeclareUnicodeCharacter 


! Package inputenc Error: Unicode character —Å (U+441)
(inputenc)                not set up for use with LaTeX.

See the inputenc package documentation for explanation.
Type  H <return>  for immediate help.
 ...                                              
                                                  
l.4 –í—Å
        –ø–æ–º–Ω–∏–º –≤—Å–µ–º –∏–∑–≤–µ—Å—Ç–Ω—É—é –∏–≥—Ä—É "–¥–∞–Ω–µ—Ç–∫–∏". ...

You may provide a definition with
\DeclareUnicodeCharacter 


! Package inputenc Error: Unicode character –ø (U+43F)
(inputenc)                not set up for use with LaTeX.

See the inputenc package documentation for explanation.
Type  H <return>  for immediate help.
 ...                                              
                                                  
l.4 –í—Å–ø
          –æ–º–Ω–∏–º –≤—Å–µ–º –∏–∑–≤–µ—Å—Ç–Ω—É—é –∏–≥—Ä—É "–¥–∞–Ω–µ—Ç–∫–∏". ...

You may provide a definition with
\DeclareUnicodeCharacter 


! Package inputenc Error: Unicode character –æ (U+43E)
(inputenc)                not set up for use with LaTeX.

See the inputenc package documentation for explanation.
Type  H <return>  for immediate help.
 ...                                              
                                                  
l.4 –í—Å–ø–æ
            –º–Ω–∏–º –≤—Å–µ–º –∏–∑–≤–µ—Å—Ç–Ω—É—é –∏–≥—Ä—É "–¥–∞–Ω–µ—Ç–∫–∏". ...

You may provide a definition with
\DeclareUnicodeCharacter 


! Package inputenc Error: Unicode character –º (U+43C)
(inputenc)                not set up for use with LaTeX.

See the inputenc package documentation for explanation.
Type  H <return>  for immediate help.
 ...                                              
                                                  
l.4 –í—Å–ø–æ–º
              –Ω–∏–º –≤—Å–µ–º –∏–∑–≤–µ—Å—Ç–Ω—É—é –∏–≥—Ä—É "–¥–∞–Ω–µ—Ç–∫–∏". ...

You may provide a definition with
\DeclareUnicodeCharacter 


! Package inputenc Error: Unicode character –Ω (U+43D)
(inputenc)                not set up for use with LaTeX.

See the inputenc package documentation for explanation.
Type  H <return>  for immediate help.
 ...                                              
                                                  
l.4 –í—Å–ø–æ–º–Ω
                –∏–º –≤—Å–µ–º –∏–∑–≤–µ—Å—Ç–Ω—É—é –∏–≥—Ä—É "–¥–∞–Ω–µ—Ç–∫–∏". ...

You may provide a definition with
\DeclareUnicodeCharacter 


! Package inputenc Error: Unicode character –∏ (U+438)
(inputenc)                not set up for use with LaTeX.

See the inputenc package documentation for explanation.
Type  H <return>  for immediate help.
 ...                                              
                                                  
l.4 –í—Å–ø–æ–º–Ω–∏
                  –º –≤—Å–µ–º –∏–∑–≤–µ—Å—Ç–Ω—É—é –∏–≥—Ä—É "–¥–∞–Ω–µ—Ç–∫–∏". ...

You may provide a definition with
\DeclareUnicodeCharacter 


! Package inputenc Error: Unicode character –º (U+43C)
(inputenc)                not set up for use with LaTeX.

See the inputenc package documentation for explanation.
Type  H <return>  for immediate help.
 ...                                              
                                                  
l.4 –í—Å–ø–æ–º–Ω–∏–º
                     –≤—Å–µ–º –∏–∑–≤–µ—Å—Ç–Ω—É—é –∏–≥—Ä—É "–¥–∞–Ω–µ—Ç–∫–∏". ...

You may provide a definition with
\DeclareUnicodeCharacter 


! Package inputenc Error: Unicode character –≤ (U+432)
(inputenc)                not set up for use with LaTeX.

See the inputenc package documentation for explanation.
Type  H <return>  for immediate help.
 ...                                              
                                                  
l.4 –í—Å–ø–æ–º–Ω–∏–º –≤
                       —Å–µ–º –∏–∑–≤–µ—Å—Ç–Ω—É—é –∏–≥—Ä—É "–¥–∞–Ω–µ—Ç–∫–∏". ...

You may provide a definition with
\DeclareUnicodeCharacter 


! Package inputenc Error: Unicode character —Å (U+441)
(inputenc)                not set up for use with LaTeX.

See the inputenc package documentation for explanation.
Type  H <return>  for immediate help.
 ...                                              
                                                  
l.4 –í—Å–ø–æ–º–Ω–∏–º –≤—Å
                         –µ–º –∏–∑–≤–µ—Å—Ç–Ω—É—é –∏–≥—Ä—É "–¥–∞–Ω–µ—Ç–∫–∏". ...

You may provide a definition with
\DeclareUnicodeCharacter 


! Package inputenc Error: Unicode character –µ (U+435)
(inputenc)                not set up for use with LaTeX.

See the inputenc package documentation for explanation.
Type  H <return>  for immediate help.
 ...                                              
                                                  
l.4 –í—Å–ø–æ–º–Ω–∏–º –≤—Å–µ
                           –º –∏–∑–≤–µ—Å—Ç–Ω—É—é –∏–≥—Ä—É "–¥–∞–Ω–µ—Ç–∫–∏". ...

You may provide a definition with
\DeclareUnicodeCharacter 


! Package inputenc Error: Unicode character –º (U+43C)
(inputenc)                not set up for use with LaTeX.

See the inputenc package documentation for explanation.
Type  H <return>  for immediate help.
 ...                                              
                                                  
l.4 –í—Å–ø–æ–º–Ω–∏–º –≤—Å–µ–º
                              –∏–∑–≤–µ—Å—Ç–Ω—É—é –∏–≥—Ä—É "–¥–∞–Ω–µ—Ç–∫–∏". ...

You may provide a definition with
\DeclareUnicodeCharacter 


! Package inputenc Error: Unicode character –∏ (U+438)
(inputenc)                not set up for use with LaTeX.

See the inputenc package documentation for explanation.
Type  H <return>  for immediate help.
 ...                                              
                                                  
l.4 –í—Å–ø–æ–º–Ω–∏–º –≤—Å–µ–º –∏
                                –∑–≤–µ—Å—Ç–Ω—É—é –∏–≥—Ä—É "–¥–∞–Ω–µ—Ç–∫–∏". ...

You may provide a definition with
\DeclareUnicodeCharacter 


! Package inputenc Error: Unicode character –∑ (U+437)
(inputenc)                not set up for use with LaTeX.

See the inputenc package documentation for explanation.
Type  H <return>  for immediate help.
 ...                                              
                                                  
l.4 –í—Å–ø–æ–º–Ω–∏–º –≤—Å–µ–º –∏–∑
                                  –≤–µ—Å—Ç–Ω—É—é –∏–≥—Ä—É "–¥–∞–Ω–µ—Ç–∫–∏". ...

You may provide a definition with
\DeclareUnicodeCharacter 


! Package inputenc Error: Unicode character –≤ (U+432)
(inputenc)                not set up for use with LaTeX.

See the inputenc package documentation for explanation.
Type  H <return>  for immediate help.
 ...                                              
                                                  
l.4 –í—Å–ø–æ–º–Ω–∏–º –≤—Å–µ–º –∏–∑–≤
                                    –µ—Å—Ç–Ω—É—é –∏–≥—Ä—É "–¥–∞–Ω–µ—Ç–∫–∏". ...

You may provide a definition with
\DeclareUnicodeCharacter 


! Package inputenc Error: Unicode character –µ (U+435)
(inputenc)                not set up for use with LaTeX.

See the inputenc package documentation for explanation.
Type  H <return>  for immediate help.
 ...                                              
                                                  
l.4 –í—Å–ø–æ–º–Ω–∏–º –≤—Å–µ–º –∏–∑–≤–µ
                                      —Å—Ç–Ω—É—é –∏–≥—Ä—É "–¥–∞–Ω–µ—Ç–∫–∏". ...

You may provide a definition with
\DeclareUnicodeCharacter 


! Package inputenc Error: Unicode character —Å (U+441)
(inputenc)                not set up for use with LaTeX.

See the inputenc package documentation for explanation.
Type  H <return>  for immediate help.
 ...                                              
                                                  
l.4 –í—Å–ø–æ–º–Ω–∏–º –≤—Å–µ–º –∏–∑–≤–µ—Å
                                        —Ç–Ω—É—é –∏–≥—Ä—É "–¥–∞–Ω–µ—Ç–∫–∏". ...

You may provide a definition with
\DeclareUnicodeCharacter 


! Package inputenc Error: Unicode character —Ç (U+442)
(inputenc)                not set up for use with LaTeX.

See the inputenc package documentation for explanation.
Type  H <return>  for immediate help.
 ...                                              
                                                  
l.4 –í—Å–ø–æ–º–Ω–∏–º –≤—Å–µ–º –∏–∑–≤–µ—Å—Ç
                                          –Ω—É—é –∏–≥—Ä—É "–¥–∞–Ω–µ—Ç–∫–∏". ...

You may provide a definition with
\DeclareUnicodeCharacter 


! Package inputenc Error: Unicode character –Ω (U+43D)
(inputenc)                not set up for use with LaTeX.

See the inputenc package documentation for explanation.
Type  H <return>  for immediate help.
 ...                                              
                                                  
l.4 –í—Å–ø–æ–º–Ω–∏–º –≤—Å–µ–º –∏–∑–≤–µ—Å—Ç–Ω
                                            —É—é –∏–≥—Ä—É "–¥–∞–Ω–µ—Ç–∫–∏". ...

You may provide a definition with
\DeclareUnicodeCharacter 


! Package inputenc Error: Unicode character —É (U+443)
(inputenc)                not set up for use with LaTeX.

See the inputenc package documentation for explanation.
Type  H <return>  for immediate help.
 ...                                              
                                                  
l.4 –í—Å–ø–æ–º–Ω–∏–º –≤—Å–µ–º –∏–∑–≤–µ—Å—Ç–Ω—É
                                              —é –∏–≥—Ä—É "–¥–∞–Ω–µ—Ç–∫–∏". ...

You may provide a definition with
\DeclareUnicodeCharacter 


! Package inputenc Error: Unicode character —é (U+44E)
(inputenc)                not set up for use with LaTeX.

See the inputenc package documentation for explanation.
Type  H <return>  for immediate help.
 ...                                              
                                                  
l.4 –í—Å–ø–æ–º–Ω–∏–º –≤—Å–µ–º –∏–∑–≤–µ—Å—Ç–Ω—É—é
                                                 –∏–≥—Ä—É "–¥–∞–Ω–µ—Ç–∫–∏". ...

You may provide a definition with
\DeclareUnicodeCharacter 


! Package inputenc Error: Unicode character –∏ (U+438)
(inputenc)                not set up for use with LaTeX.

See the inputenc package documentation for explanation.
Type  H <return>  for immediate help.
 ...                                              
                                                  
l.4 ...–ø–æ–º–Ω–∏–º –≤—Å–µ–º –∏–∑–≤–µ—Å—Ç–Ω—É—é –∏
                                                  –≥—Ä—É "–¥–∞–Ω–µ—Ç–∫–∏". –...

You may provide a definition with
\DeclareUnicodeCharacter 


! Package inputenc Error: Unicode character –≥ (U+433)
(inputenc)                not set up for use with LaTeX.

See the inputenc package documentation for explanation.
Type  H <return>  for immediate help.
 ...                                              
                                                  
l.4 ...–æ–º–Ω–∏–º –≤—Å–µ–º –∏–∑–≤–µ—Å—Ç–Ω—É—é –∏–≥
                                                  —Ä—É "–¥–∞–Ω–µ—Ç–∫–∏". –¢–...

You may provide a definition with
\DeclareUnicodeCharacter 


! Package inputenc Error: Unicode character —Ä (U+440)
(inputenc)                not set up for use with LaTeX.

See the inputenc package documentation for explanation.
Type  H <return>  for immediate help.
 ...                                              
                                                  
l.4 ...–º–Ω–∏–º –≤—Å–µ–º –∏–∑–≤–µ—Å—Ç–Ω—É—é –∏–≥—Ä
                                                  —É "–¥–∞–Ω–µ—Ç–∫–∏". –¢–∞–...

You may provide a definition with
\DeclareUnicodeCharacter 


! Package inputenc Error: Unicode character —É (U+443)
(inputenc)                not set up for use with LaTeX.

See the inputenc package documentation for explanation.
Type  H <return>  for immediate help.
 ...                                              
                                                  
l.4 ...–Ω–∏–º –≤—Å–µ–º –∏–∑–≤–µ—Å—Ç–Ω—É—é –∏–≥—Ä—É
                                                   "–¥–∞–Ω–µ—Ç–∫–∏". –¢–∞–∫,...

You may provide a definition with
\DeclareUnicodeCharacter 


! LaTeX Error: Missing \begin{document}.

See the LaTeX manual or LaTeX Companion for explanation.
Type  H <return>  for immediate help.
 ...                                              
                                                  
l.4 ...–∏–º –≤—Å–µ–º –∏–∑–≤–µ—Å—Ç–Ω—É—é –∏–≥—Ä—É "
                                                  –¥–∞–Ω–µ—Ç–∫–∏". –¢–∞–∫, —...

You're in trouble here.  Try typing  <return>  to proceed.
If that doesn't work, type  X <return>  to quit.

Missing character: There is no " in font nullfont!

! Package inputenc Error: Unicode character –¥ (U+434)
(inputenc)                not set up for use with LaTeX.

See the inputenc package documentation for explanation.
Type  H <return>  for immediate help.
 ...                                              
                                                  
l.4 ...–º –≤—Å–µ–º –∏–∑–≤–µ—Å—Ç–Ω—É—é –∏–≥—Ä—É "–¥
                                                  –∞–Ω–µ—Ç–∫–∏". –¢–∞–∫, —á—...

You may provide a definition with
\DeclareUnicodeCharacter 


! Package inputenc Error: Unicode character –∞ (U+430)
(inputenc)                not set up for use with LaTeX.

See the inputenc package documentation for explanation.
Type  H <return>  for immediate help.
 ...                                              
                                                  
l.4 ... –≤—Å–µ–º –∏–∑–≤–µ—Å—Ç–Ω—É—é –∏–≥—Ä—É "–¥–∞
                                                  –Ω–µ—Ç–∫–∏". –¢–∞–∫, —á—Ç–...

You may provide a definition with
\DeclareUnicodeCharacter 


! Package inputenc Error: Unicode character –Ω (U+43D)
(inputenc)                not set up for use with LaTeX.

See the inputenc package documentation for explanation.
Type  H <return>  for immediate help.
 ...                                              
                                                  
l.4 ...≤—Å–µ–º –∏–∑–≤–µ—Å—Ç–Ω—É—é –∏–≥—Ä—É "–¥–∞–Ω
                                                  –µ—Ç–∫–∏". –¢–∞–∫, —á—Ç–æ–...

You may provide a definition with
\DeclareUnicodeCharacter 


! Package inputenc Error: Unicode character –µ (U+435)
(inputenc)                not set up for use with LaTeX.

See the inputenc package documentation for explanation.
Type  H <return>  for immediate help.
 ...                                              
                                                  
l.4 ...Å–µ–º –∏–∑–≤–µ—Å—Ç–Ω—É—é –∏–≥—Ä—É "–¥–∞–Ω–µ
                                                  —Ç–∫–∏". –¢–∞–∫, —á—Ç–æ–±—...

You may provide a definition with
\DeclareUnicodeCharacter 


! Package inputenc Error: Unicode character —Ç (U+442)
(inputenc)                not set up for use with LaTeX.

See the inputenc package documentation for explanation.
Type  H <return>  for immediate help.
 ...                                              
                                                  
l.4 ...µ–º –∏–∑–≤–µ—Å—Ç–Ω—É—é –∏–≥—Ä—É "–¥–∞–Ω–µ—Ç
                                                  –∫–∏". –¢–∞–∫, —á—Ç–æ–±—ã ...

You may provide a definition with
\DeclareUnicodeCharacter 


! Package inputenc Error: Unicode character –∫ (U+43A)
(inputenc)                not set up for use with LaTeX.

See the inputenc package documentation for explanation.
Type  H <return>  for immediate help.
 ...                                              
                                                  
l.4 ...º –∏–∑–≤–µ—Å—Ç–Ω—É—é –∏–≥—Ä—É "–¥–∞–Ω–µ—Ç–∫
                                                  –∏". –¢–∞–∫, —á—Ç–æ–±—ã –ø...

You may provide a definition with
\DeclareUnicodeCharacter 


! Package inputenc Error: Unicode character –∏ (U+438)
(inputenc)                not set up for use with LaTeX.

See the inputenc package documentation for explanation.
Type  H <return>  for immediate help.
 ...                                              
                                                  
l.4 ...–∏–∑–≤–µ—Å—Ç–Ω—É—é –∏–≥—Ä—É "–¥–∞–Ω–µ—Ç–∫–∏
                                                  ". –¢–∞–∫, —á—Ç–æ–±—ã –ø–æ...

You may provide a definition with
\DeclareUnicodeCharacter 

Missing character: There is no " in font nullfont!
Missing character: There is no . in font nullfont!

! Package inputenc Error: Unicode character –¢ (U+422)
(inputenc)                not set up for use with LaTeX.

See the inputenc package documentation for explanation.
Type  H <return>  for immediate help.
 ...                                              
                                                  
l.4 ...≤–µ—Å—Ç–Ω—É—é –∏–≥—Ä—É "–¥–∞–Ω–µ—Ç–∫–∏". –¢
                                                  –∞–∫, —á—Ç–æ–±—ã –ø–æ–Ω—è—...

You may provide a definition with
\DeclareUnicodeCharacter 


! Package inputenc Error: Unicode character –∞ (U+430)
(inputenc)                not set up for use with LaTeX.

See the inputenc package documentation for explanation.
Type  H <return>  for immediate help.
 ...                                              
                                                  
l.4 ...µ—Å—Ç–Ω—É—é –∏–≥—Ä—É "–¥–∞–Ω–µ—Ç–∫–∏". –¢–∞
                                                  –∫, —á—Ç–æ–±—ã –ø–æ–Ω—è—Ç—...

You may provide a definition with
\DeclareUnicodeCharacter 


! Package inputenc Error: Unicode character –∫ (U+43A)
(inputenc)                not set up for use with LaTeX.

See the inputenc package documentation for explanation.
Type  H <return>  for immediate help.
 ...                                              
                                                  
l.4 ...Å—Ç–Ω—É—é –∏–≥—Ä—É "–¥–∞–Ω–µ—Ç–∫–∏". –¢–∞–∫
                                                  , —á—Ç–æ–±—ã –ø–æ–Ω—è—Ç—å,...

You may provide a definition with
\DeclareUnicodeCharacter 

Missing character: There is no , in font nullfont!

! Package inputenc Error: Unicode character —á (U+447)
(inputenc)                not set up for use with LaTeX.

See the inputenc package documentation for explanation.
Type  H <return>  for immediate help.
 ...                                              
                                                  
l.4 ...Ω—É—é –∏–≥—Ä—É "–¥–∞–Ω–µ—Ç–∫–∏". –¢–∞–∫, —á
                                                  —Ç–æ–±—ã –ø–æ–Ω—è—Ç—å, –æ ...

You may provide a definition with
\DeclareUnicodeCharacter 


! Package inputenc Error: Unicode character —Ç (U+442)
(inputenc)                not set up for use with LaTeX.

See the inputenc package documentation for explanation.
Type  H <return>  for immediate help.
 ...                                              
                                                  
l.4 ...É—é –∏–≥—Ä—É "–¥–∞–Ω–µ—Ç–∫–∏". –¢–∞–∫, —á—Ç
                                                  –æ–±—ã –ø–æ–Ω—è—Ç—å, –æ —á...

You may provide a definition with
\DeclareUnicodeCharacter 


! Package inputenc Error: Unicode character –æ (U+43E)
(inputenc)                not set up for use with LaTeX.

See the inputenc package documentation for explanation.
Type  H <return>  for immediate help.
 ...                                              
                                                  
l.4 ...é –∏–≥—Ä—É "–¥–∞–Ω–µ—Ç–∫–∏". –¢–∞–∫, —á—Ç–æ
                                                  –±—ã –ø–æ–Ω—è—Ç—å, –æ —á–µ...

You may provide a definition with
\DeclareUnicodeCharacter 


! Package inputenc Error: Unicode character –± (U+431)
(inputenc)                not set up for use with LaTeX.

See the inputenc package documentation for explanation.
Type  H <return>  for immediate help.
 ...                                              
                                                  
l.4 ...–∏–≥—Ä—É "–¥–∞–Ω–µ—Ç–∫–∏". –¢–∞–∫, —á—Ç–æ–±
                                                  —ã –ø–æ–Ω—è—Ç—å, –æ —á–µ–º...

You may provide a definition with
\DeclareUnicodeCharacter 


! Package inputenc Error: Unicode character —ã (U+44B)
(inputenc)                not set up for use with LaTeX.

See the inputenc package documentation for explanation.
Type  H <return>  for immediate help.
 ...                                              
                                                  
l.4 ...–≥—Ä—É "–¥–∞–Ω–µ—Ç–∫–∏". –¢–∞–∫, —á—Ç–æ–±—ã
                                                   –ø–æ–Ω—è—Ç—å, –æ —á–µ–º –...

You may provide a definition with
\DeclareUnicodeCharacter 


! Package inputenc Error: Unicode character –ø (U+43F)
(inputenc)                not set up for use with LaTeX.

See the inputenc package documentation for explanation.
Type  H <return>  for immediate help.
 ...                                              
                                                  
l.4 ...Ä—É "–¥–∞–Ω–µ—Ç–∫–∏". –¢–∞–∫, —á—Ç–æ–±—ã –ø
                                                  –æ–Ω—è—Ç—å, –æ —á–µ–º –∏–¥...

You may provide a definition with
\DeclareUnicodeCharacter 


! Package inputenc Error: Unicode character –æ (U+43E)
(inputenc)                not set up for use with LaTeX.

See the inputenc package documentation for explanation.
Type  H <return>  for immediate help.
 ...                                              
                                                  
l.4 ...É "–¥–∞–Ω–µ—Ç–∫–∏". –¢–∞–∫, —á—Ç–æ–±—ã –ø–æ
                                                  –Ω—è—Ç—å, –æ —á–µ–º –∏–¥–µ...

You may provide a definition with
\DeclareUnicodeCharacter 


! Package inputenc Error: Unicode character –Ω (U+43D)
(inputenc)                not set up for use with LaTeX.

See the inputenc package documentation for explanation.
Type  H <return>  for immediate help.
 ...                                              
                                                  
l.4 ..."–¥–∞–Ω–µ—Ç–∫–∏". –¢–∞–∫, —á—Ç–æ–±—ã –ø–æ–Ω
                                                  —è—Ç—å, –æ —á–µ–º –∏–¥–µ—Ç...

You may provide a definition with
\DeclareUnicodeCharacter 


! Package inputenc Error: Unicode character —è (U+44F)
(inputenc)                not set up for use with LaTeX.

See the inputenc package documentation for explanation.
Type  H <return>  for immediate help.
 ...                                              
                                                  
l.4 ...¥–∞–Ω–µ—Ç–∫–∏". –¢–∞–∫, —á—Ç–æ–±—ã –ø–æ–Ω—è
                                                  —Ç—å, –æ —á–µ–º –∏–¥–µ—Ç —...

You may provide a definition with
\DeclareUnicodeCharacter 


! Package inputenc Error: Unicode character —Ç (U+442)
(inputenc)                not set up for use with LaTeX.

See the inputenc package documentation for explanation.
Type  H <return>  for immediate help.
 ...                                              
                                                  
l.4 ...∞–Ω–µ—Ç–∫–∏". –¢–∞–∫, —á—Ç–æ–±—ã –ø–æ–Ω—è—Ç
                                                  —å, –æ —á–µ–º –∏–¥–µ—Ç —Ä–...

You may provide a definition with
\DeclareUnicodeCharacter 


! Package inputenc Error: Unicode character —å (U+44C)
(inputenc)                not set up for use with LaTeX.

See the inputenc package documentation for explanation.
Type  H <return>  for immediate help.
 ...                                              
                                                  
l.4 ...Ω–µ—Ç–∫–∏". –¢–∞–∫, —á—Ç–æ–±—ã –ø–æ–Ω—è—Ç—å
                                                  , –æ —á–µ–º –∏–¥–µ—Ç —Ä–µ—...

You may provide a definition with
\DeclareUnicodeCharacter 

Missing character: There is no , in font nullfont!

! Package inputenc Error: Unicode character –æ (U+43E)
(inputenc)                not set up for use with LaTeX.

See the inputenc package documentation for explanation.
Type  H <return>  for immediate help.
 ...                                              
                                                  
l.4 ...Ç–∫–∏". –¢–∞–∫, —á—Ç–æ–±—ã –ø–æ–Ω—è—Ç—å, –æ
                                                   —á–µ–º –∏–¥–µ—Ç —Ä–µ—á—å,...

You may provide a definition with
\DeclareUnicodeCharacter 


! Package inputenc Error: Unicode character —á (U+447)
(inputenc)                not set up for use with LaTeX.

See the inputenc package documentation for explanation.
Type  H <return>  for immediate help.
 ...                                              
                                                  
l.4 ...–∏". –¢–∞–∫, —á—Ç–æ–±—ã –ø–æ–Ω—è—Ç—å, –æ —á
                                                  –µ–º –∏–¥–µ—Ç —Ä–µ—á—å, –º...

You may provide a definition with
\DeclareUnicodeCharacter 


! Package inputenc Error: Unicode character –µ (U+435)
(inputenc)                not set up for use with LaTeX.

See the inputenc package documentation for explanation.
Type  H <return>  for immediate help.
 ...                                              
                                                  
l.4 ...". –¢–∞–∫, —á—Ç–æ–±—ã –ø–æ–Ω—è—Ç—å, –æ —á–µ
                                                  –º –∏–¥–µ—Ç —Ä–µ—á—å, –º—ã...

You may provide a definition with
\DeclareUnicodeCharacter 


! Package inputenc Error: Unicode character –º (U+43C)
(inputenc)                not set up for use with LaTeX.

See the inputenc package documentation for explanation.
Type  H <return>  for immediate help.
 ...                                              
                                                  
l.4 ... –¢–∞–∫, —á—Ç–æ–±—ã –ø–æ–Ω—è—Ç—å, –æ —á–µ–º
                                                   –∏–¥–µ—Ç —Ä–µ—á—å, –º—ã –...

You may provide a definition with
\DeclareUnicodeCharacter 


! Package inputenc Error: Unicode character –∏ (U+438)
(inputenc)                not set up for use with LaTeX.

See the inputenc package documentation for explanation.
Type  H <return>  for immediate help.
 ...                                              
                                                  
l.4 ...–∞–∫, —á—Ç–æ–±—ã –ø–æ–Ω—è—Ç—å, –æ —á–µ–º –∏
                                                  –¥–µ—Ç —Ä–µ—á—å, –º—ã –∑–∞...

You may provide a definition with
\DeclareUnicodeCharacter 


! Package inputenc Error: Unicode character –¥ (U+434)
(inputenc)                not set up for use with LaTeX.

See the inputenc package documentation for explanation.
Type  H <return>  for immediate help.
 ...                                              
                                                  
l.4 ...–∫, —á—Ç–æ–±—ã –ø–æ–Ω—è—Ç—å, –æ —á–µ–º –∏–¥
                                                  –µ—Ç —Ä–µ—á—å, –º—ã –∑–∞–¥...

You may provide a definition with
\DeclareUnicodeCharacter 


! Package inputenc Error: Unicode character –µ (U+435)
(inputenc)                not set up for use with LaTeX.

See the inputenc package documentation for explanation.
Type  H <return>  for immediate help.
 ...                                              
                                                  
l.4 ..., —á—Ç–æ–±—ã –ø–æ–Ω—è—Ç—å, –æ —á–µ–º –∏–¥–µ
                                                  —Ç —Ä–µ—á—å, –º—ã –∑–∞–¥–∞...

You may provide a definition with
\DeclareUnicodeCharacter 


! Package inputenc Error: Unicode character —Ç (U+442)
(inputenc)                not set up for use with LaTeX.

See the inputenc package documentation for explanation.
Type  H <return>  for immediate help.
 ...                                              
                                                  
l.4 ...—á—Ç–æ–±—ã –ø–æ–Ω—è—Ç—å, –æ —á–µ–º –∏–¥–µ—Ç
                                                   —Ä–µ—á—å, –º—ã –∑–∞–¥–∞–µ...

You may provide a definition with
\DeclareUnicodeCharacter 


! Package inputenc Error: Unicode character —Ä (U+440)
(inputenc)                not set up for use with LaTeX.

See the inputenc package documentation for explanation.
Type  H <return>  for immediate help.
 ...                                              
                                                  
l.4 ...Ç–æ–±—ã –ø–æ–Ω—è—Ç—å, –æ —á–µ–º –∏–¥–µ—Ç —Ä
                                                  –µ—á—å, –º—ã –∑–∞–¥–∞–µ–º ...

You may provide a definition with
\DeclareUnicodeCharacter 


! Package inputenc Error: Unicode character –µ (U+435)
(inputenc)                not set up for use with LaTeX.

See the inputenc package documentation for explanation.
Type  H <return>  for immediate help.
 ...                                              
                                                  
l.4 ...æ–±—ã –ø–æ–Ω—è—Ç—å, –æ —á–µ–º –∏–¥–µ—Ç —Ä–µ
                                                  —á—å, –º—ã –∑–∞–¥–∞–µ–º —É...

You may provide a definition with
\DeclareUnicodeCharacter 


! Package inputenc Error: Unicode character —á (U+447)
(inputenc)                not set up for use with LaTeX.

See the inputenc package documentation for explanation.
Type  H <return>  for immediate help.
 ...                                              
                                                  
l.4 ...±—ã –ø–æ–Ω—è—Ç—å, –æ —á–µ–º –∏–¥–µ—Ç —Ä–µ—á
                                                  —å, –º—ã –∑–∞–¥–∞–µ–º —É—Ç...

You may provide a definition with
\DeclareUnicodeCharacter 


! Package inputenc Error: Unicode character —å (U+44C)
(inputenc)                not set up for use with LaTeX.

See the inputenc package documentation for explanation.
Type  H <return>  for immediate help.
 ...                                              
                                                  
l.4 ...ã –ø–æ–Ω—è—Ç—å, –æ —á–µ–º –∏–¥–µ—Ç —Ä–µ—á—å
                                                  , –º—ã –∑–∞–¥–∞–µ–º —É—Ç–æ...

You may provide a definition with
\DeclareUnicodeCharacter 

Missing character: There is no , in font nullfont!

! Package inputenc Error: Unicode character –º (U+43C)
(inputenc)                not set up for use with LaTeX.

See the inputenc package documentation for explanation.
Type  H <return>  for immediate help.
 ...                                              
                                                  
l.4 ...–æ–Ω—è—Ç—å, –æ —á–µ–º –∏–¥–µ—Ç —Ä–µ—á—å, –º
                                                  —ã –∑–∞–¥–∞–µ–º —É—Ç–æ—á–Ω...

You may provide a definition with
\DeclareUnicodeCharacter 


! Package inputenc Error: Unicode character —ã (U+44B)
(inputenc)                not set up for use with LaTeX.

See the inputenc package documentation for explanation.
Type  H <return>  for immediate help.
 ...                                              
                                                  
l.4 ...–Ω—è—Ç—å, –æ —á–µ–º –∏–¥–µ—Ç —Ä–µ—á—å, –º—ã
                                                   –∑–∞–¥–∞–µ–º —É—Ç–æ—á–Ω—è...

You may provide a definition with
\DeclareUnicodeCharacter 


! Package inputenc Error: Unicode character –∑ (U+437)
(inputenc)                not set up for use with LaTeX.

See the inputenc package documentation for explanation.
Type  H <return>  for immediate help.
 ...                                              
                                                  
l.4 ...è—Ç—å, –æ —á–µ–º –∏–¥–µ—Ç —Ä–µ—á—å, –º—ã –∑
                                                  –∞–¥–∞–µ–º —É—Ç–æ—á–Ω—è—é—...

You may provide a definition with
\DeclareUnicodeCharacter 


! Package inputenc Error: Unicode character –∞ (U+430)
(inputenc)                not set up for use with LaTeX.

See the inputenc package documentation for explanation.
Type  H <return>  for immediate help.
 ...                                              
                                                  
l.4 ...Ç—å, –æ —á–µ–º –∏–¥–µ—Ç —Ä–µ—á—å, –º—ã –∑–∞
                                                  –¥–∞–µ–º —É—Ç–æ—á–Ω—è—é—â–...

You may provide a definition with
\DeclareUnicodeCharacter 


! Package inputenc Error: Unicode character –¥ (U+434)
(inputenc)                not set up for use with LaTeX.

See the inputenc package documentation for explanation.
Type  H <return>  for immediate help.
 ...                                              
                                                  
l.4 ...å, –æ —á–µ–º –∏–¥–µ—Ç —Ä–µ—á—å, –º—ã –∑–∞–¥
                                                  –∞–µ–º —É—Ç–æ—á–Ω—è—é—â–∏–...

You may provide a definition with
\DeclareUnicodeCharacter 


! Package inputenc Error: Unicode character –∞ (U+430)
(inputenc)                not set up for use with LaTeX.

See the inputenc package documentation for explanation.
Type  H <return>  for immediate help.
 ...                                              
                                                  
l.4 ... –æ —á–µ–º –∏–¥–µ—Ç —Ä–µ—á—å, –º—ã –∑–∞–¥–∞
                                                  –µ–º —É—Ç–æ—á–Ω—è—é—â–∏–µ ...

You may provide a definition with
\DeclareUnicodeCharacter 


! Package inputenc Error: Unicode character –µ (U+435)
(inputenc)                not set up for use with LaTeX.

See the inputenc package documentation for explanation.
Type  H <return>  for immediate help.
 ...                                              
                                                  
l.4 ...æ —á–µ–º –∏–¥–µ—Ç —Ä–µ—á—å, –º—ã –∑–∞–¥–∞–µ
                                                  –º —É—Ç–æ—á–Ω—è—é—â–∏–µ –≤...

You may provide a definition with
\DeclareUnicodeCharacter 


! Package inputenc Error: Unicode character –º (U+43C)
(inputenc)                not set up for use with LaTeX.

See the inputenc package documentation for explanation.
Type  H <return>  for immediate help.
 ...                                              
                                                  
l.4 ...—á–µ–º –∏–¥–µ—Ç —Ä–µ—á—å, –º—ã –∑–∞–¥–∞–µ–º
                                                   —É—Ç–æ—á–Ω—è—é—â–∏–µ –≤–æ...

You may provide a definition with
\DeclareUnicodeCharacter 


! Package inputenc Error: Unicode character —É (U+443)
(inputenc)                not set up for use with LaTeX.

See the inputenc package documentation for explanation.
Type  H <return>  for immediate help.
 ...                                              
                                                  
l.4 ...µ–º –∏–¥–µ—Ç —Ä–µ—á—å, –º—ã –∑–∞–¥–∞–µ–º —É
                                                  —Ç–æ—á–Ω—è—é—â–∏–µ –≤–æ–ø—...

You may provide a definition with
\DeclareUnicodeCharacter 


! Package inputenc Error: Unicode character —Ç (U+442)
(inputenc)                not set up for use with LaTeX.

See the inputenc package documentation for explanation.
Type  H <return>  for immediate help.
 ...                                              
                                                  
l.4 ...º –∏–¥–µ—Ç —Ä–µ—á—å, –º—ã –∑–∞–¥–∞–µ–º —É—Ç
                                                  –æ—á–Ω—è—é—â–∏–µ –≤–æ–ø—Ä–...

You may provide a definition with
\DeclareUnicodeCharacter 


! Package inputenc Error: Unicode character –æ (U+43E)
(inputenc)                not set up for use with LaTeX.

See the inputenc package documentation for explanation.
Type  H <return>  for immediate help.
 ...                                              
                                                  
l.4 ...–∏–¥–µ—Ç —Ä–µ—á—å, –º—ã –∑–∞–¥–∞–µ–º —É—Ç–æ
                                                  —á–Ω—è—é—â–∏–µ –≤–æ–ø—Ä–æ—...

You may provide a definition with
\DeclareUnicodeCharacter 


! Package inputenc Error: Unicode character —á (U+447)
(inputenc)                not set up for use with LaTeX.

See the inputenc package documentation for explanation.
Type  H <return>  for immediate help.
 ...                                              
                                                  
l.4 ...–¥–µ—Ç —Ä–µ—á—å, –º—ã –∑–∞–¥–∞–µ–º —É—Ç–æ—á
                                                  –Ω—è—é—â–∏–µ –≤–æ–ø—Ä–æ—Å—...

You may provide a definition with
\DeclareUnicodeCharacter 


! Package inputenc Error: Unicode character –Ω (U+43D)
(inputenc)                not set up for use with LaTeX.

See the inputenc package documentation for explanation.
Type  H <return>  for immediate help.
 ...                                              
                                                  
l.4 ...–µ—Ç —Ä–µ—á—å, –º—ã –∑–∞–¥–∞–µ–º —É—Ç–æ—á–Ω
                                                  —è—é—â–∏–µ –≤–æ–ø—Ä–æ—Å—ã....

You may provide a definition with
\DeclareUnicodeCharacter 


! Package inputenc Error: Unicode character —è (U+44F)
(inputenc)                not set up for use with LaTeX.

See the inputenc package documentation for explanation.
Type  H <return>  for immediate help.
 ...                                              
                                                  
l.4 ...—Ç —Ä–µ—á—å, –º—ã –∑–∞–¥–∞–µ–º —É—Ç–æ—á–Ω—è
                                                  —é—â–∏–µ –≤–æ–ø—Ä–æ—Å—ã. –...

You may provide a definition with
\DeclareUnicodeCharacter 


! Package inputenc Error: Unicode character —é (U+44E)
(inputenc)                not set up for use with LaTeX.

See the inputenc package documentation for explanation.
Type  H <return>  for immediate help.
 ...                                              
                                                  
l.4 ... —Ä–µ—á—å, –º—ã –∑–∞–¥–∞–µ–º —É—Ç–æ—á–Ω—è—é
                                                  —â–∏–µ –≤–æ–ø—Ä–æ—Å—ã. –¢–...

You may provide a definition with
\DeclareUnicodeCharacter 


! Package inputenc Error: Unicode character —â (U+449)
(inputenc)                not set up for use with LaTeX.

See the inputenc package documentation for explanation.
Type  H <return>  for immediate help.
 ...                                              
                                                  
l.4 ...Ä–µ—á—å, –º—ã –∑–∞–¥–∞–µ–º —É—Ç–æ—á–Ω—è—é—â
                                                  –∏–µ –≤–æ–ø—Ä–æ—Å—ã. –¢–∞–...

You may provide a definition with
\DeclareUnicodeCharacter 


! Package inputenc Error: Unicode character –∏ (U+438)
(inputenc)                not set up for use with LaTeX.

See the inputenc package documentation for explanation.
Type  H <return>  for immediate help.
 ...                                              
                                                  
l.4 ...µ—á—å, –º—ã –∑–∞–¥–∞–µ–º —É—Ç–æ—á–Ω—è—é—â–∏
                                                  –µ –≤–æ–ø—Ä–æ—Å—ã. –¢–∞–∫ ...

You may provide a definition with
\DeclareUnicodeCharacter 


! Package inputenc Error: Unicode character –µ (U+435)
(inputenc)                not set up for use with LaTeX.

See the inputenc package documentation for explanation.
Type  H <return>  for immediate help.
 ...                                              
                                                  
l.4 ...á—å, –º—ã –∑–∞–¥–∞–µ–º —É—Ç–æ—á–Ω—è—é—â–∏–µ
                                                   –≤–æ–ø—Ä–æ—Å—ã. –¢–∞–∫ –≤...

You may provide a definition with
\DeclareUnicodeCharacter 


! Package inputenc Error: Unicode character –≤ (U+432)
(inputenc)                not set up for use with LaTeX.

See the inputenc package documentation for explanation.
Type  H <return>  for immediate help.
 ...                                              
                                                  
l.4 ..., –º—ã –∑–∞–¥–∞–µ–º —É—Ç–æ—á–Ω—è—é—â–∏–µ –≤
                                                  –æ–ø—Ä–æ—Å—ã. –¢–∞–∫ –≤–æ—...

You may provide a definition with
\DeclareUnicodeCharacter 


! Package inputenc Error: Unicode character –æ (U+43E)
(inputenc)                not set up for use with LaTeX.

See the inputenc package documentation for explanation.
Type  H <return>  for immediate help.
 ...                                              
                                                  
l.4 ...–º—ã –∑–∞–¥–∞–µ–º —É—Ç–æ—á–Ω—è—é—â–∏–µ –≤–æ
                                                  –ø—Ä–æ—Å—ã. –¢–∞–∫ –≤–æ—Ç,...

You may provide a definition with
\DeclareUnicodeCharacter 


! Package inputenc Error: Unicode character –ø (U+43F)
(inputenc)                not set up for use with LaTeX.

See the inputenc package documentation for explanation.
Type  H <return>  for immediate help.
 ...                                              
                                                  
l.4 ...—ã –∑–∞–¥–∞–µ–º —É—Ç–æ—á–Ω—è—é—â–∏–µ –≤–æ–ø
                                                  —Ä–æ—Å—ã. –¢–∞–∫ –≤–æ—Ç, –...

You may provide a definition with
\DeclareUnicodeCharacter 


! Package inputenc Error: Unicode character —Ä (U+440)
(inputenc)                not set up for use with LaTeX.

See the inputenc package documentation for explanation.
Type  H <return>  for immediate help.
 ...                                              
                                                  
l.4 ... –∑–∞–¥–∞–µ–º —É—Ç–æ—á–Ω—è—é—â–∏–µ –≤–æ–ø—Ä
                                                  –æ—Å—ã. –¢–∞–∫ –≤–æ—Ç, –º–...

You may provide a definition with
\DeclareUnicodeCharacter 


! Package inputenc Error: Unicode character –æ (U+43E)
(inputenc)                not set up for use with LaTeX.

See the inputenc package documentation for explanation.
Type  H <return>  for immediate help.
 ...                                              
                                                  
l.4 ...∑–∞–¥–∞–µ–º —É—Ç–æ—á–Ω—è—é—â–∏–µ –≤–æ–ø—Ä–æ
                                                  —Å—ã. –¢–∞–∫ –≤–æ—Ç, –º–∏–...

You may provide a definition with
\DeclareUnicodeCharacter 


! Package inputenc Error: Unicode character —Å (U+441)
(inputenc)                not set up for use with LaTeX.

See the inputenc package documentation for explanation.
Type  H <return>  for immediate help.
 ...                                              
                                                  
l.4 ...∞–¥–∞–µ–º —É—Ç–æ—á–Ω—è—é—â–∏–µ –≤–æ–ø—Ä–æ—Å
                                                  —ã. –¢–∞–∫ –≤–æ—Ç, –º–∏–Ω–...

You may provide a definition with
\DeclareUnicodeCharacter 


! Package inputenc Error: Unicode character —ã (U+44B)
(inputenc)                not set up for use with LaTeX.

See the inputenc package documentation for explanation.
Type  H <return>  for immediate help.
 ...                                              
                                                  
l.4 ...¥–∞–µ–º —É—Ç–æ—á–Ω—è—é—â–∏–µ –≤–æ–ø—Ä–æ—Å—ã
                                                  . –¢–∞–∫ –≤–æ—Ç, –º–∏–Ω–∏–...

You may provide a definition with
\DeclareUnicodeCharacter 

Missing character: There is no . in font nullfont!

! Package inputenc Error: Unicode character –¢ (U+422)
(inputenc)                not set up for use with LaTeX.

See the inputenc package documentation for explanation.
Type  H <return>  for immediate help.
 ...                                              
                                                  
l.4 ...µ–º —É—Ç–æ—á–Ω—è—é—â–∏–µ –≤–æ–ø—Ä–æ—Å—ã. –¢
                                                  –∞–∫ –≤–æ—Ç, –º–∏–Ω–∏–º–∞–...

You may provide a definition with
\DeclareUnicodeCharacter 


! Package inputenc Error: Unicode character –∞ (U+430)
(inputenc)                not set up for use with LaTeX.

See the inputenc package documentation for explanation.
Type  H <return>  for immediate help.
 ...                                              
                                                  
l.4 ...º —É—Ç–æ—á–Ω—è—é—â–∏–µ –≤–æ–ø—Ä–æ—Å—ã. –¢–∞
                                                  –∫ –≤–æ—Ç, –º–∏–Ω–∏–º–∞–ª—...

You may provide a definition with
\DeclareUnicodeCharacter 


! Package inputenc Error: Unicode character –∫ (U+43A)
(inputenc)                not set up for use with LaTeX.

See the inputenc package documentation for explanation.
Type  H <return>  for immediate help.
 ...                                              
                                                  
l.4 ...—É—Ç–æ—á–Ω—è—é—â–∏–µ –≤–æ–ø—Ä–æ—Å—ã. –¢–∞–∫
                                                   –≤–æ—Ç, –º–∏–Ω–∏–º–∞–ª—å–...

You may provide a definition with
\DeclareUnicodeCharacter 


! Package inputenc Error: Unicode character –≤ (U+432)
(inputenc)                not set up for use with LaTeX.

See the inputenc package documentation for explanation.
Type  H <return>  for immediate help.
 ...                                              
                                                  
l.4 ...Ç–æ—á–Ω—è—é—â–∏–µ –≤–æ–ø—Ä–æ—Å—ã. –¢–∞–∫ –≤
                                                  –æ—Ç, –º–∏–Ω–∏–º–∞–ª—å–Ω–æ...

You may provide a definition with
\DeclareUnicodeCharacter 


! Package inputenc Error: Unicode character –æ (U+43E)
(inputenc)                not set up for use with LaTeX.

See the inputenc package documentation for explanation.
Type  H <return>  for immediate help.
 ...                                              
                                                  
l.4 ...æ—á–Ω—è—é—â–∏–µ –≤–æ–ø—Ä–æ—Å—ã. –¢–∞–∫ –≤–æ
                                                  —Ç, –º–∏–Ω–∏–º–∞–ª—å–Ω–æ–µ...

You may provide a definition with
\DeclareUnicodeCharacter 


! Package inputenc Error: Unicode character —Ç (U+442)
(inputenc)                not set up for use with LaTeX.

See the inputenc package documentation for explanation.
Type  H <return>  for immediate help.
 ...                                              
                                                  
l.4 ...á–Ω—è—é—â–∏–µ –≤–æ–ø—Ä–æ—Å—ã. –¢–∞–∫ –≤–æ—Ç
                                                  , –º–∏–Ω–∏–º–∞–ª—å–Ω–æ–µ —...

You may provide a definition with
\DeclareUnicodeCharacter 

Missing character: There is no , in font nullfont!

! Package inputenc Error: Unicode character –º (U+43C)
(inputenc)                not set up for use with LaTeX.

See the inputenc package documentation for explanation.
Type  H <return>  for immediate help.
 ...                                              
                                                  
l.4 ...è—é—â–∏–µ –≤–æ–ø—Ä–æ—Å—ã. –¢–∞–∫ –≤–æ—Ç, –º
                                                  –∏–Ω–∏–º–∞–ª—å–Ω–æ–µ —á–∏—...

You may provide a definition with
\DeclareUnicodeCharacter 


! Package inputenc Error: Unicode character –∏ (U+438)
(inputenc)                not set up for use with LaTeX.

See the inputenc package documentation for explanation.
Type  H <return>  for immediate help.
 ...                                              
                                                  
l.4 ...é—â–∏–µ –≤–æ–ø—Ä–æ—Å—ã. –¢–∞–∫ –≤–æ—Ç, –º–∏
                                                  –Ω–∏–º–∞–ª—å–Ω–æ–µ —á–∏—Å–...

You may provide a definition with
\DeclareUnicodeCharacter 


! Package inputenc Error: Unicode character –Ω (U+43D)
(inputenc)                not set up for use with LaTeX.

See the inputenc package documentation for explanation.
Type  H <return>  for immediate help.
 ...                                              
                                                  
l.4 ...â–∏–µ –≤–æ–ø—Ä–æ—Å—ã. –¢–∞–∫ –≤–æ—Ç, –º–∏–Ω
                                                  –∏–º–∞–ª—å–Ω–æ–µ —á–∏—Å–ª–...

You may provide a definition with
\DeclareUnicodeCharacter 


! Package inputenc Error: Unicode character –∏ (U+438)
(inputenc)                not set up for use with LaTeX.

See the inputenc package documentation for explanation.
Type  H <return>  for immediate help.
 ...                                              
                                                  
l.4 ...∏–µ –≤–æ–ø—Ä–æ—Å—ã. –¢–∞–∫ –≤–æ—Ç, –º–∏–Ω–∏
                                                  –º–∞–ª—å–Ω–æ–µ —á–∏—Å–ª–æ ...

You may provide a definition with
\DeclareUnicodeCharacter 


! Package inputenc Error: Unicode character –º (U+43C)
(inputenc)                not set up for use with LaTeX.

See the inputenc package documentation for explanation.
Type  H <return>  for immediate help.
 ...                                              
                                                  
l.4 ...µ –≤–æ–ø—Ä–æ—Å—ã. –¢–∞–∫ –≤–æ—Ç, –º–∏–Ω–∏–º
                                                  –∞–ª—å–Ω–æ–µ —á–∏—Å–ª–æ –≤...

You may provide a definition with
\DeclareUnicodeCharacter 


! Package inputenc Error: Unicode character –∞ (U+430)
(inputenc)                not set up for use with LaTeX.

See the inputenc package documentation for explanation.
Type  H <return>  for immediate help.
 ...                                              
                                                  
l.4 ...–≤–æ–ø—Ä–æ—Å—ã. –¢–∞–∫ –≤–æ—Ç, –º–∏–Ω–∏–º–∞
                                                  –ª—å–Ω–æ–µ —á–∏—Å–ª–æ –≤–æ...

You may provide a definition with
\DeclareUnicodeCharacter 


! Package inputenc Error: Unicode character –ª (U+43B)
(inputenc)                not set up for use with LaTeX.

See the inputenc package documentation for explanation.
Type  H <return>  for immediate help.
 ...                                              
                                                  
l.4 ...–æ–ø—Ä–æ—Å—ã. –¢–∞–∫ –≤–æ—Ç, –º–∏–Ω–∏–º–∞–ª
                                                  —å–Ω–æ–µ —á–∏—Å–ª–æ –≤–æ–ø...

You may provide a definition with
\DeclareUnicodeCharacter 


! Package inputenc Error: Unicode character —å (U+44C)
(inputenc)                not set up for use with LaTeX.

See the inputenc package documentation for explanation.
Type  H <return>  for immediate help.
 ...                                              
                                                  
l.4 ...–ø—Ä–æ—Å—ã. –¢–∞–∫ –≤–æ—Ç, –º–∏–Ω–∏–º–∞–ª—å
                                                  –Ω–æ–µ —á–∏—Å–ª–æ –≤–æ–ø—Ä...

You may provide a definition with
\DeclareUnicodeCharacter 


! Package inputenc Error: Unicode character –Ω (U+43D)
(inputenc)                not set up for use with LaTeX.

See the inputenc package documentation for explanation.
Type  H <return>  for immediate help.
 ...                                              
                                                  
l.4 ...—Ä–æ—Å—ã. –¢–∞–∫ –≤–æ—Ç, –º–∏–Ω–∏–º–∞–ª—å–Ω
                                                  –æ–µ —á–∏—Å–ª–æ –≤–æ–ø—Ä–æ...

You may provide a definition with
\DeclareUnicodeCharacter 


! Package inputenc Error: Unicode character –æ (U+43E)
(inputenc)                not set up for use with LaTeX.

See the inputenc package documentation for explanation.
Type  H <return>  for immediate help.
 ...                                              
                                                  
l.4 ...–æ—Å—ã. –¢–∞–∫ –≤–æ—Ç, –º–∏–Ω–∏–º–∞–ª—å–Ω–æ
                                                  –µ —á–∏—Å–ª–æ –≤–æ–ø—Ä–æ—Å...
(That makes 100 errors; please try again.) 
Here is how much of TeX's memory you used:
 34 strings out of 492649
 486 string characters out of 6129621
 56790 words of memory out of 5000000
 4016 multiletter control sequences out of 15000+600000
 3640 words of font info for 14 fonts, out of 8000000 for 9000
 1141 hyphenation exceptions out of 8191
 10i,0n,10p,432b,23s stack positions out of 5000i,500n,10000p,200000b,80000s

!  ==> Fatal error occurred, no output PDF file produced!
